c:\users\strutz\documents\c\tsipcoder_2_17_pub\h26x_predictor\release\h26x_predictor.pdb
c:\users\strutz\documents\c\tsipcoder_2_17_pub\h26x_predictor\release\i_5_3r_control.obj
c:\users\strutz\documents\c\tsipcoder_2_17_pub\h26x_predictor\release\i_2d_53r_control_l.obj
c:\users\strutz\documents\c\tsipcoder_2_17_pub\h26x_predictor\release\h26x_utility.obj
c:\users\strutz\documents\c\tsipcoder_2_17_pub\h26x_predictor\release\h26x_prediction.obj
c:\users\strutz\documents\c\tsipcoder_2_17_pub\h26x_predictor\release\f_5_3r_control.obj
c:\users\strutz\documents\c\tsipcoder_2_17_pub\h26x_predictor\release\f_2d_53r_control_l.obj
c:\users\strutz\documents\c\tsipcoder_2_17_pub\h26x_predictor\release\5_3_lifting.obj
c:\users\strutz\documents\c\tsipcoder_2_17_pub\h26x_predictor\release\.netframework,version=v4.0.assemblyattributes.obj
c:\users\strutz\documents\c\tsipcoder_2_17_pub\h26x_predictor\release\.netframework,version=v4.0.assemblyattributes.asm
c:\users\strutz\documents\c\tsipcoder_2_17_pub\lib\h26x_predictor.lib
c:\users\strutz\documents\c\tsipcoder_2_17_pub\h26x_predictor\release\h26x_predictor.vcxprojassemblyreference.cache
c:\users\strutz\documents\c\tsipcoder_2_17_pub\h26x_predictor\..\lib\h26x_predictor.lib
c:\users\strutz\documents\c\tsipcoder_2_17_pub\h26x_predictor\release\h26x_predictor.tlog\cl.command.1.tlog
c:\users\strutz\documents\c\tsipcoder_2_17_pub\h26x_predictor\release\h26x_predictor.tlog\cl.read.1.tlog
c:\users\strutz\documents\c\tsipcoder_2_17_pub\h26x_predictor\release\h26x_predictor.tlog\cl.write.1.tlog
c:\users\strutz\documents\c\tsipcoder_2_17_pub\h26x_predictor\release\h26x_predictor.tlog\lib-link.read.1.tlog
c:\users\strutz\documents\c\tsipcoder_2_17_pub\h26x_predictor\release\h26x_predictor.tlog\lib-link.write.1.tlog
c:\users\strutz\documents\c\tsipcoder_2_17_pub\h26x_predictor\release\h26x_predictor.tlog\lib.command.1.tlog
c:\users\strutz\documents\c\tsipcoder_2_17_pub\h26x_predictor\release\h26x_predictor.tlog\metagen.read.1.tlog
c:\users\strutz\documents\c\tsipcoder_2_17_pub\h26x_predictor\release\h26x_predictor.tlog\metagen.write.1.tlog
