c:\users\strutz\documents\c\tsipcoder_2_17_pub\bacoder\debug\tsipcoder_2_17.pch
c:\users\strutz\documents\c\tsipcoder_2_17_pub\bacoder\debug\vc141.pdb
c:\users\strutz\documents\c\tsipcoder_2_17_pub\bacoder\debug\stdafx.obj
c:\users\strutz\documents\c\tsipcoder_2_17_pub\bacoder\debug\predictortm.obj
c:\users\strutz\documents\c\tsipcoder_2_17_pub\bacoder\debug\predictorr.obj
c:\users\strutz\documents\c\tsipcoder_2_17_pub\bacoder\debug\predictormult.obj
c:\users\strutz\documents\c\tsipcoder_2_17_pub\bacoder\debug\predictorls.obj
c:\users\strutz\documents\c\tsipcoder_2_17_pub\bacoder\debug\predictorcm.obj
c:\users\strutz\documents\c\tsipcoder_2_17_pub\bacoder\debug\predictor2.obj
c:\users\strutz\documents\c\tsipcoder_2_17_pub\bacoder\debug\med_.obj
c:\users\strutz\documents\c\tsipcoder_2_17_pub\bacoder\debug\get_ac_thresholds.obj
c:\users\strutz\documents\c\tsipcoder_2_17_pub\bacoder\debug\estimate_noise_.obj
c:\users\strutz\documents\c\tsipcoder_2_17_pub\bacoder\debug\encoder.obj
c:\users\strutz\documents\c\tsipcoder_2_17_pub\bacoder\debug\decoder.obj
c:\users\strutz\documents\c\tsipcoder_2_17_pub\bacoder\debug\contextsls.obj
c:\users\strutz\documents\c\tsipcoder_2_17_pub\bacoder\debug\contexts.obj
c:\users\strutz\documents\c\tsipcoder_2_17_pub\bacoder\debug\analysis.obj
c:\users\strutz\documents\c\tsipcoder_2_17_pub\bacoder\debug\qm_encode.obj
c:\users\strutz\documents\c\tsipcoder_2_17_pub\bacoder\debug\qm_decode.obj
c:\users\strutz\documents\c\tsipcoder_2_17_pub\bacoder\debug\bp_utility.obj
c:\users\strutz\documents\c\tsipcoder_2_17_pub\bacoder\debug\bp_coding.obj
c:\users\strutz\documents\c\tsipcoder_2_17_pub\bacoder\debug\arithmetic.obj
c:\users\strutz\documents\c\tsipcoder_2_17_pub\bacoder\debug\hxc2.obj
c:\users\strutz\documents\c\tsipcoder_2_17_pub\bacoder\debug\hxc.obj
c:\users\strutz\documents\c\tsipcoder_2_17_pub\bacoder\debug\hist_ops2.obj
c:\users\strutz\documents\c\tsipcoder_2_17_pub\bacoder\debug\hist_ops.obj
c:\users\strutz\documents\c\tsipcoder_2_17_pub\bacoder\debug\get_distribution2.obj
c:\users\strutz\documents\c\tsipcoder_2_17_pub\bacoder\debug\get_distribution.obj
c:\users\strutz\documents\c\tsipcoder_2_17_pub\bacoder\debug\gethxc2_tolerances_2.obj
c:\users\strutz\documents\c\tsipcoder_2_17_pub\bacoder\debug\gethxc2_tolerances.obj
c:\users\strutz\documents\c\tsipcoder_2_17_pub\bacoder\debug\copy_pattern.obj
c:\users\strutz\documents\c\tsipcoder_2_17_pub\bacoder\debug\context_quant.obj
c:\users\strutz\documents\c\tsipcoder_2_17_pub\bacoder\debug\median.obj
c:\users\strutz\documents\c\tsipcoder_2_17_pub\bacoder\debug\find_colourspace5.obj
c:\users\strutz\documents\c\tsipcoder_2_17_pub\bacoder\debug\colour4_i.obj
c:\users\strutz\documents\c\tsipcoder_2_17_pub\bacoder\debug\colour4_f.obj
c:\users\strutz\documents\c\tsipcoder_2_17_pub\bacoder\debug\find_colourspace4m.obj
c:\users\strutz\documents\c\tsipcoder_2_17_pub\bacoder\debug\colour4m_i.obj
c:\users\strutz\documents\c\tsipcoder_2_17_pub\bacoder\debug\colour4m_f.obj
c:\users\strutz\documents\c\tsipcoder_2_17_pub\bacoder\debug\verbose.obj
c:\users\strutz\documents\c\tsipcoder_2_17_pub\bacoder\debug\refine_residual.obj
c:\users\strutz\documents\c\tsipcoder_2_17_pub\bacoder\debug\leftneighbourpred.obj
c:\users\strutz\documents\c\tsipcoder_2_17_pub\bacoder\debug\leastsquareszerororderpred.obj
c:\users\strutz\documents\c\tsipcoder_2_17_pub\bacoder\debug\leastsquarespred.obj
c:\users\strutz\documents\c\tsipcoder_2_17_pub\bacoder\debug\leastmeansquarespredcolp.obj
c:\users\strutz\documents\c\tsipcoder_2_17_pub\bacoder\debug\leastmeansquarespredcol.obj
c:\users\strutz\documents\c\tsipcoder_2_17_pub\bacoder\debug\leastmeansquarespred.obj
c:\users\strutz\documents\c\tsipcoder_2_17_pub\bacoder\debug\svd_inversion.obj
c:\users\strutz\documents\c\tsipcoder_2_17_pub\bacoder\debug\solve_lin.obj
c:\users\strutz\documents\c\tsipcoder_2_17_pub\bacoder\debug\singvaldec.obj
c:\users\strutz\documents\c\tsipcoder_2_17_pub\bacoder\debug\ls_lin.obj
c:\users\strutz\documents\c\tsipcoder_2_17_pub\bacoder\debug\errmsg.obj
c:\users\strutz\documents\c\tsipcoder_2_17_pub\bacoder\debug\two_opt_heuristic.obj
c:\users\strutz\documents\c\tsipcoder_2_17_pub\bacoder\debug\tour_manip.obj
c:\users\strutz\documents\c\tsipcoder_2_17_pub\bacoder\debug\k_opt_heuristic.obj
c:\users\strutz\documents\c\tsipcoder_2_17_pub\bacoder\debug\pattern_list_ops2.obj
c:\users\strutz\documents\c\tsipcoder_2_17_pub\bacoder\debug\pattern_list_ops.obj
c:\users\strutz\documents\c\tsipcoder_2_17_pub\bacoder\debug\loco_vector_pred.obj
c:\users\strutz\documents\c\tsipcoder_2_17_pub\bacoder\debug\hxcidx.obj
c:\users\strutz\documents\c\tsipcoder_2_17_pub\bacoder\debug\aboutform.obj
c:\users\strutz\documents\c\tsipcoder_2_17_pub\bacoder\debug\urle.obj
c:\users\strutz\documents\c\tsipcoder_2_17_pub\bacoder\debug\umtf.obj
c:\users\strutz\documents\c\tsipcoder_2_17_pub\bacoder\debug\ubwt.obj
c:\users\strutz\documents\c\tsipcoder_2_17_pub\bacoder\debug\tsip_enc.obj
c:\users\strutz\documents\c\tsipcoder_2_17_pub\bacoder\debug\tsip_dec.obj
c:\users\strutz\documents\c\tsipcoder_2_17_pub\bacoder\debug\pattern_list_ops3.obj
c:\users\strutz\documents\c\tsipcoder_2_17_pub\bacoder\debug\ifc.obj
c:\users\strutz\documents\c\tsipcoder_2_17_pub\bacoder\debug\hxc3.obj
c:\users\strutz\documents\c\tsipcoder_2_17_pub\bacoder\debug\hist_ops3.obj
c:\users\strutz\documents\c\tsipcoder_2_17_pub\bacoder\debug\get_distribution3.obj
c:\users\strutz\documents\c\tsipcoder_2_17_pub\bacoder\debug\scf.obj
c:\users\strutz\documents\c\tsipcoder_2_17_pub\bacoder\debug\quadtree_structure.obj
c:\users\strutz\documents\c\tsipcoder_2_17_pub\bacoder\debug\pattern_list_ops_scf.obj
c:\users\strutz\documents\c\tsipcoder_2_17_pub\bacoder\debug\hist_ops_scf.obj
c:\users\strutz\documents\c\tsipcoder_2_17_pub\bacoder\debug\get_distribution_scf.obj
c:\users\strutz\documents\c\tsipcoder_2_17_pub\bacoder\debug\getscf_tolerances.obj
c:\users\strutz\documents\c\tsipcoder_2_17_pub\bacoder\debug\paeth.obj
c:\users\strutz\documents\c\tsipcoder_2_17_pub\bacoder\debug\med_paeth.obj
c:\users\strutz\documents\c\tsipcoder_2_17_pub\bacoder\debug\med.obj
c:\users\strutz\documents\c\tsipcoder_2_17_pub\bacoder\debug\permute_histogram.obj
c:\users\strutz\documents\c\tsipcoder_2_17_pub\bacoder\debug\pdconvert.obj
c:\users\strutz\documents\c\tsipcoder_2_17_pub\bacoder\debug\palette_coding.obj
c:\users\strutz\documents\c\tsipcoder_2_17_pub\bacoder\debug\memoryusage.obj
c:\users\strutz\documents\c\tsipcoder_2_17_pub\bacoder\debug\h26xconfigform.obj
c:\users\strutz\documents\c\tsipcoder_2_17_pub\bacoder\debug\gettilesize.obj
c:\users\strutz\documents\c\tsipcoder_2_17_pub\bacoder\debug\getimagefeatures.obj
c:\users\strutz\documents\c\tsipcoder_2_17_pub\bacoder\debug\form1.obj
c:\users\strutz\documents\c\tsipcoder_2_17_pub\bacoder\debug\fileio.obj
c:\users\strutz\documents\c\tsipcoder_2_17_pub\bacoder\debug\externalprediction.obj
c:\users\strutz\documents\c\tsipcoder_2_17_pub\bacoder\debug\ctxform.obj
c:\users\strutz\documents\c\tsipcoder_2_17_pub\bacoder\debug\configform.obj
c:\users\strutz\documents\c\tsipcoder_2_17_pub\bacoder\debug\compact_histogram.obj
c:\users\strutz\documents\c\tsipcoder_2_17_pub\bacoder\debug\cobalpwrapper.obj
c:\users\strutz\documents\c\tsipcoder_2_17_pub\bacoder\debug\cli.obj
c:\users\strutz\documents\c\tsipcoder_2_17_pub\bacoder\debug\check_dependencies.obj
c:\users\strutz\documents\c\tsipcoder_2_17_pub\bacoder\debug\bacoder.obj
c:\users\strutz\documents\c\tsipcoder_2_17_pub\bacoder\debug\autoconfig.obj
c:\users\strutz\documents\c\tsipcoder_2_17_pub\bacoder\debug\arithmeticb.obj
c:\users\strutz\documents\c\tsipcoder_2_17_pub\bacoder\debug\adjmap.obj
c:\users\strutz\documents\c\tsipcoder_2_17_pub\bacoder\debug\write_header.obj
c:\users\strutz\documents\c\tsipcoder_2_17_pub\bacoder\debug\tiles.obj
c:\users\strutz\documents\c\tsipcoder_2_17_pub\bacoder\debug\rotateimage.obj
c:\users\strutz\documents\c\tsipcoder_2_17_pub\bacoder\debug\reduceform.obj
c:\users\strutz\documents\c\tsipcoder_2_17_pub\bacoder\debug\read_header.obj
c:\users\strutz\documents\c\tsipcoder_2_17_pub\bacoder\debug\quadtree.obj
c:\users\strutz\documents\c\tsipcoder_2_17_pub\bacoder\debug\progressform.obj
c:\users\strutz\documents\c\tsipcoder_2_17_pub\bacoder\debug\plist.obj
c:\users\strutz\documents\c\tsipcoder_2_17_pub\bacoder\debug\get_distribution_idx.obj
c:\users\strutz\documents\c\tsipcoder_2_17_pub\bacoder\debug\meta_predictor.obj
c:\users\strutz\documents\c\tsipcoder_2_17_pub\bacoder\debug\png_reader.obj
c:\users\strutz\documents\c\tsipcoder_2_17_pub\bacoder\debug\codec_d.obj
c:\users\strutz\documents\c\tsipcoder_2_17_pub\bacoder\debug\loco_predictor.obj
c:\users\strutz\documents\c\tsipcoder_2_17_pub\bacoder\debug\loco_init.obj
c:\users\strutz\documents\c\tsipcoder_2_17_pub\bacoder\debug\loco_e.obj
c:\users\strutz\documents\c\tsipcoder_2_17_pub\bacoder\debug\loco_d.obj
c:\users\strutz\documents\c\tsipcoder_2_17_pub\bacoder\debug\matrix_utils.obj
c:\users\strutz\documents\c\tsipcoder_2_17_pub\bacoder\debug\eig3.obj
c:\users\strutz\documents\c\tsipcoder_2_17_pub\bacoder\debug\find_colourspace4.obj
c:\users\strutz\documents\c\tsipcoder_2_17_pub\bacoder\debug\stats.obj
c:\users\strutz\documents\c\tsipcoder_2_17_pub\bacoder\debug\huff.obj
c:\users\strutz\documents\c\tsipcoder_2_17_pub\bacoder\debug\ginterface.obj
c:\users\strutz\documents\c\tsipcoder_2_17_pub\bacoder\debug\fibocode.obj
c:\users\strutz\documents\c\tsipcoder_2_17_pub\bacoder\debug\codec_e.obj
c:\users\strutz\documents\c\tsipcoder_2_17_pub\bacoder\debug\bitbuf.obj
c:\users\strutz\documents\c\tsipcoder_2_17_pub\bacoder\debug\externpred.obj
c:\users\strutz\documents\c\tsipcoder_2_17_pub\bacoder\debug\.netframework,version=v4.0.assemblyattributes.obj
c:\users\strutz\documents\c\tsipcoder_2_17_pub\bacoder\debug\.netframework,version=v4.0.assemblyattributes.asm
c:\users\strutz\documents\c\tsipcoder_2_17_pub\bin_debug\tsipcoder_2_17.exe
c:\users\strutz\documents\c\tsipcoder_2_17_pub\bin_debug\tsipcoder_2_17.pdb
c:\users\strutz\documents\c\tsipcoder_2_17_pub\bacoder\debug\app.res
c:\users\strutz\documents\c\tsipcoder_2_17_pub\bacoder\debug\bacoder.aboutform.resources
c:\users\strutz\documents\c\tsipcoder_2_17_pub\bacoder\debug\bacoder.configform.resources
c:\users\strutz\documents\c\tsipcoder_2_17_pub\bacoder\debug\bacoder.ctxform.resources
c:\users\strutz\documents\c\tsipcoder_2_17_pub\bacoder\debug\bacoder.externalprediction.resources
c:\users\strutz\documents\c\tsipcoder_2_17_pub\bacoder\debug\bacoder.form1.resources
c:\users\strutz\documents\c\tsipcoder_2_17_pub\bacoder\debug\bacoder.h26xconfigform.resources
c:\users\strutz\documents\c\tsipcoder_2_17_pub\bacoder\debug\bacoder.progressform.resources
c:\users\strutz\documents\c\tsipcoder_2_17_pub\bacoder\debug\bacoder.vcxproj.generateresource.cache
c:\users\strutz\documents\c\tsipcoder_2_17_pub\bacoder\debug\bacoder.vcxprojassemblyreference.cache
c:\users\strutz\documents\c\tsipcoder_2_17_pub\bacoder\..\bin_debug\tsipcoder_2_17.exe
c:\users\strutz\documents\c\tsipcoder_2_17_pub\bacoder\debug\tsipcoder_2_17.tlog\cl.command.1.tlog
c:\users\strutz\documents\c\tsipcoder_2_17_pub\bacoder\debug\tsipcoder_2_17.tlog\cl.read.1.tlog
c:\users\strutz\documents\c\tsipcoder_2_17_pub\bacoder\debug\tsipcoder_2_17.tlog\cl.write.1.tlog
c:\users\strutz\documents\c\tsipcoder_2_17_pub\bacoder\debug\tsipcoder_2_17.tlog\link.command.1.tlog
c:\users\strutz\documents\c\tsipcoder_2_17_pub\bacoder\debug\tsipcoder_2_17.tlog\link.read.1.tlog
c:\users\strutz\documents\c\tsipcoder_2_17_pub\bacoder\debug\tsipcoder_2_17.tlog\link.write.1.tlog
c:\users\strutz\documents\c\tsipcoder_2_17_pub\bacoder\debug\tsipcoder_2_17.tlog\metagen.read.1.tlog
c:\users\strutz\documents\c\tsipcoder_2_17_pub\bacoder\debug\tsipcoder_2_17.tlog\metagen.write.1.tlog
c:\users\strutz\documents\c\tsipcoder_2_17_pub\bacoder\debug\tsipcoder_2_17.tlog\rc.command.1.tlog
c:\users\strutz\documents\c\tsipcoder_2_17_pub\bacoder\debug\tsipcoder_2_17.tlog\rc.read.1.tlog
c:\users\strutz\documents\c\tsipcoder_2_17_pub\bacoder\debug\tsipcoder_2_17.tlog\rc.write.1.tlog
c:\users\strutz\documents\c\tsipcoder_2_17_pub\bacoder\debug\tsipcoder_2_17.tlog\tsipcoder_2_17.write.1u.tlog
