c:\users\strutz\documents\c\tsipcoder_2_17_pub\bacoder\release\tsipcoder_2_17p.pch
c:\users\strutz\documents\c\tsipcoder_2_17_pub\bacoder\release\vc141.pdb
c:\users\strutz\documents\c\tsipcoder_2_17_pub\bacoder\release\stdafx.obj
c:\users\strutz\documents\c\tsipcoder_2_17_pub\bacoder\release\predictortm.obj
c:\users\strutz\documents\c\tsipcoder_2_17_pub\bacoder\release\predictorr.obj
c:\users\strutz\documents\c\tsipcoder_2_17_pub\bacoder\release\predictormult.obj
c:\users\strutz\documents\c\tsipcoder_2_17_pub\bacoder\release\predictorls.obj
c:\users\strutz\documents\c\tsipcoder_2_17_pub\bacoder\release\predictorcm.obj
c:\users\strutz\documents\c\tsipcoder_2_17_pub\bacoder\release\predictor2.obj
c:\users\strutz\documents\c\tsipcoder_2_17_pub\bacoder\release\meta_predictor.obj
c:\users\strutz\documents\c\tsipcoder_2_17_pub\bacoder\release\med_.obj
c:\users\strutz\documents\c\tsipcoder_2_17_pub\bacoder\release\get_ac_thresholds.obj
c:\users\strutz\documents\c\tsipcoder_2_17_pub\bacoder\release\estimate_noise_.obj
c:\users\strutz\documents\c\tsipcoder_2_17_pub\bacoder\release\encoder.obj
c:\users\strutz\documents\c\tsipcoder_2_17_pub\bacoder\release\decoder.obj
c:\users\strutz\documents\c\tsipcoder_2_17_pub\bacoder\release\contextsls.obj
c:\users\strutz\documents\c\tsipcoder_2_17_pub\bacoder\release\contexts.obj
c:\users\strutz\documents\c\tsipcoder_2_17_pub\bacoder\release\analysis.obj
c:\users\strutz\documents\c\tsipcoder_2_17_pub\bacoder\release\qm_encode.obj
c:\users\strutz\documents\c\tsipcoder_2_17_pub\bacoder\release\qm_decode.obj
c:\users\strutz\documents\c\tsipcoder_2_17_pub\bacoder\release\bp_utility.obj
c:\users\strutz\documents\c\tsipcoder_2_17_pub\bacoder\release\bp_coding.obj
c:\users\strutz\documents\c\tsipcoder_2_17_pub\bacoder\release\arithmetic.obj
c:\users\strutz\documents\c\tsipcoder_2_17_pub\bacoder\release\hxc.obj
c:\users\strutz\documents\c\tsipcoder_2_17_pub\bacoder\release\hist_ops2.obj
c:\users\strutz\documents\c\tsipcoder_2_17_pub\bacoder\release\hist_ops.obj
c:\users\strutz\documents\c\tsipcoder_2_17_pub\bacoder\release\get_distribution_idx.obj
c:\users\strutz\documents\c\tsipcoder_2_17_pub\bacoder\release\get_distribution2.obj
c:\users\strutz\documents\c\tsipcoder_2_17_pub\bacoder\release\get_distribution.obj
c:\users\strutz\documents\c\tsipcoder_2_17_pub\bacoder\release\gethxc2_tolerances_2.obj
c:\users\strutz\documents\c\tsipcoder_2_17_pub\bacoder\release\gethxc2_tolerances.obj
c:\users\strutz\documents\c\tsipcoder_2_17_pub\bacoder\release\copy_pattern.obj
c:\users\strutz\documents\c\tsipcoder_2_17_pub\bacoder\release\context_quant.obj
c:\users\strutz\documents\c\tsipcoder_2_17_pub\bacoder\release\eig3.obj
c:\users\strutz\documents\c\tsipcoder_2_17_pub\bacoder\release\median.obj
c:\users\strutz\documents\c\tsipcoder_2_17_pub\bacoder\release\find_colourspace5.obj
c:\users\strutz\documents\c\tsipcoder_2_17_pub\bacoder\release\colour4_i.obj
c:\users\strutz\documents\c\tsipcoder_2_17_pub\bacoder\release\colour4_f.obj
c:\users\strutz\documents\c\tsipcoder_2_17_pub\bacoder\release\find_colourspace4m.obj
c:\users\strutz\documents\c\tsipcoder_2_17_pub\bacoder\release\colour4m_i.obj
c:\users\strutz\documents\c\tsipcoder_2_17_pub\bacoder\release\colour4m_f.obj
c:\users\strutz\documents\c\tsipcoder_2_17_pub\bacoder\release\verbose.obj
c:\users\strutz\documents\c\tsipcoder_2_17_pub\bacoder\release\refine_residual.obj
c:\users\strutz\documents\c\tsipcoder_2_17_pub\bacoder\release\med.obj
c:\users\strutz\documents\c\tsipcoder_2_17_pub\bacoder\release\leftneighbourpred.obj
c:\users\strutz\documents\c\tsipcoder_2_17_pub\bacoder\release\leastsquareszerororderpred.obj
c:\users\strutz\documents\c\tsipcoder_2_17_pub\bacoder\release\leastsquarespred.obj
c:\users\strutz\documents\c\tsipcoder_2_17_pub\bacoder\release\leastmeansquarespredcolp.obj
c:\users\strutz\documents\c\tsipcoder_2_17_pub\bacoder\release\leastmeansquarespredcol.obj
c:\users\strutz\documents\c\tsipcoder_2_17_pub\bacoder\release\leastmeansquarespred.obj
c:\users\strutz\documents\c\tsipcoder_2_17_pub\bacoder\release\svd_inversion.obj
c:\users\strutz\documents\c\tsipcoder_2_17_pub\bacoder\release\solve_lin.obj
c:\users\strutz\documents\c\tsipcoder_2_17_pub\bacoder\release\singvaldec.obj
c:\users\strutz\documents\c\tsipcoder_2_17_pub\bacoder\release\ls_lin.obj
c:\users\strutz\documents\c\tsipcoder_2_17_pub\bacoder\release\errmsg.obj
c:\users\strutz\documents\c\tsipcoder_2_17_pub\bacoder\release\two_opt_heuristic.obj
c:\users\strutz\documents\c\tsipcoder_2_17_pub\bacoder\release\tour_manip.obj
c:\users\strutz\documents\c\tsipcoder_2_17_pub\bacoder\release\k_opt_heuristic.obj
c:\users\strutz\documents\c\tsipcoder_2_17_pub\bacoder\release\pattern_list_ops2.obj
c:\users\strutz\documents\c\tsipcoder_2_17_pub\bacoder\release\pattern_list_ops.obj
c:\users\strutz\documents\c\tsipcoder_2_17_pub\bacoder\release\loco_vector_pred.obj
c:\users\strutz\documents\c\tsipcoder_2_17_pub\bacoder\release\hxcidx.obj
c:\users\strutz\documents\c\tsipcoder_2_17_pub\bacoder\release\hxc2.obj
c:\users\strutz\documents\c\tsipcoder_2_17_pub\bacoder\release\adjmap.obj
c:\users\strutz\documents\c\tsipcoder_2_17_pub\bacoder\release\aboutform.obj
c:\users\strutz\documents\c\tsipcoder_2_17_pub\bacoder\release\urle.obj
c:\users\strutz\documents\c\tsipcoder_2_17_pub\bacoder\release\umtf.obj
c:\users\strutz\documents\c\tsipcoder_2_17_pub\bacoder\release\ubwt.obj
c:\users\strutz\documents\c\tsipcoder_2_17_pub\bacoder\release\tsip_enc.obj
c:\users\strutz\documents\c\tsipcoder_2_17_pub\bacoder\release\tsip_dec.obj
c:\users\strutz\documents\c\tsipcoder_2_17_pub\bacoder\release\pattern_list_ops3.obj
c:\users\strutz\documents\c\tsipcoder_2_17_pub\bacoder\release\ifc.obj
c:\users\strutz\documents\c\tsipcoder_2_17_pub\bacoder\release\hxc3.obj
c:\users\strutz\documents\c\tsipcoder_2_17_pub\bacoder\release\hist_ops3.obj
c:\users\strutz\documents\c\tsipcoder_2_17_pub\bacoder\release\get_distribution3.obj
c:\users\strutz\documents\c\tsipcoder_2_17_pub\bacoder\release\scf.obj
c:\users\strutz\documents\c\tsipcoder_2_17_pub\bacoder\release\quadtree_structure.obj
c:\users\strutz\documents\c\tsipcoder_2_17_pub\bacoder\release\pattern_list_ops_scf.obj
c:\users\strutz\documents\c\tsipcoder_2_17_pub\bacoder\release\hist_ops_scf.obj
c:\users\strutz\documents\c\tsipcoder_2_17_pub\bacoder\release\get_distribution_scf.obj
c:\users\strutz\documents\c\tsipcoder_2_17_pub\bacoder\release\getscf_tolerances.obj
c:\users\strutz\documents\c\tsipcoder_2_17_pub\bacoder\release\paeth.obj
c:\users\strutz\documents\c\tsipcoder_2_17_pub\bacoder\release\med_paeth.obj
c:\users\strutz\documents\c\tsipcoder_2_17_pub\bacoder\release\permute_histogram.obj
c:\users\strutz\documents\c\tsipcoder_2_17_pub\bacoder\release\pdconvert.obj
c:\users\strutz\documents\c\tsipcoder_2_17_pub\bacoder\release\palette_coding.obj
c:\users\strutz\documents\c\tsipcoder_2_17_pub\bacoder\release\memoryusage.obj
c:\users\strutz\documents\c\tsipcoder_2_17_pub\bacoder\release\h26xconfigform.obj
c:\users\strutz\documents\c\tsipcoder_2_17_pub\bacoder\release\ginterface.obj
c:\users\strutz\documents\c\tsipcoder_2_17_pub\bacoder\release\gettilesize.obj
c:\users\strutz\documents\c\tsipcoder_2_17_pub\bacoder\release\getimagefeatures.obj
c:\users\strutz\documents\c\tsipcoder_2_17_pub\bacoder\release\form1.obj
c:\users\strutz\documents\c\tsipcoder_2_17_pub\bacoder\release\fileio.obj
c:\users\strutz\documents\c\tsipcoder_2_17_pub\bacoder\release\externalprediction.obj
c:\users\strutz\documents\c\tsipcoder_2_17_pub\bacoder\release\ctxform.obj
c:\users\strutz\documents\c\tsipcoder_2_17_pub\bacoder\release\configform.obj
c:\users\strutz\documents\c\tsipcoder_2_17_pub\bacoder\release\compact_histogram.obj
c:\users\strutz\documents\c\tsipcoder_2_17_pub\bacoder\release\cobalpwrapper.obj
c:\users\strutz\documents\c\tsipcoder_2_17_pub\bacoder\release\cli.obj
c:\users\strutz\documents\c\tsipcoder_2_17_pub\bacoder\release\check_dependencies.obj
c:\users\strutz\documents\c\tsipcoder_2_17_pub\bacoder\release\bacoder.obj
c:\users\strutz\documents\c\tsipcoder_2_17_pub\bacoder\release\autoconfig.obj
c:\users\strutz\documents\c\tsipcoder_2_17_pub\bacoder\release\arithmeticb.obj
c:\users\strutz\documents\c\tsipcoder_2_17_pub\bacoder\release\write_header.obj
c:\users\strutz\documents\c\tsipcoder_2_17_pub\bacoder\release\tiles.obj
c:\users\strutz\documents\c\tsipcoder_2_17_pub\bacoder\release\rotateimage.obj
c:\users\strutz\documents\c\tsipcoder_2_17_pub\bacoder\release\reduceform.obj
c:\users\strutz\documents\c\tsipcoder_2_17_pub\bacoder\release\read_header.obj
c:\users\strutz\documents\c\tsipcoder_2_17_pub\bacoder\release\quadtree.obj
c:\users\strutz\documents\c\tsipcoder_2_17_pub\bacoder\release\progressform.obj
c:\users\strutz\documents\c\tsipcoder_2_17_pub\bacoder\release\plist.obj
c:\users\strutz\documents\c\tsipcoder_2_17_pub\bacoder\release\stats.obj
c:\users\strutz\documents\c\tsipcoder_2_17_pub\bacoder\release\png_reader.obj
c:\users\strutz\documents\c\tsipcoder_2_17_pub\bacoder\release\huff.obj
c:\users\strutz\documents\c\tsipcoder_2_17_pub\bacoder\release\fibocode.obj
c:\users\strutz\documents\c\tsipcoder_2_17_pub\bacoder\release\externpred.obj
c:\users\strutz\documents\c\tsipcoder_2_17_pub\bacoder\release\codec_e.obj
c:\users\strutz\documents\c\tsipcoder_2_17_pub\bacoder\release\codec_d.obj
c:\users\strutz\documents\c\tsipcoder_2_17_pub\bacoder\release\bitbuf.obj
c:\users\strutz\documents\c\tsipcoder_2_17_pub\bacoder\release\loco_predictor.obj
c:\users\strutz\documents\c\tsipcoder_2_17_pub\bacoder\release\loco_init.obj
c:\users\strutz\documents\c\tsipcoder_2_17_pub\bacoder\release\loco_e.obj
c:\users\strutz\documents\c\tsipcoder_2_17_pub\bacoder\release\loco_d.obj
c:\users\strutz\documents\c\tsipcoder_2_17_pub\bacoder\release\matrix_utils.obj
c:\users\strutz\documents\c\tsipcoder_2_17_pub\bacoder\release\find_colourspace4.obj
c:\users\strutz\documents\c\tsipcoder_2_17_pub\bacoder\release\.netframework,version=v4.0.assemblyattributes.obj
c:\users\strutz\documents\c\tsipcoder_2_17_pub\bacoder\release\.netframework,version=v4.0.assemblyattributes.asm
c:\users\strutz\documents\c\tsipcoder_2_17_pub\bin\tsipcoder_2_17p.exe
c:\users\strutz\documents\c\tsipcoder_2_17_pub\bacoder\release\app.res
c:\users\strutz\documents\c\tsipcoder_2_17_pub\bacoder\release\bacoder.aboutform.resources
c:\users\strutz\documents\c\tsipcoder_2_17_pub\bacoder\release\bacoder.configform.resources
c:\users\strutz\documents\c\tsipcoder_2_17_pub\bacoder\release\bacoder.ctxform.resources
c:\users\strutz\documents\c\tsipcoder_2_17_pub\bacoder\release\bacoder.externalprediction.resources
c:\users\strutz\documents\c\tsipcoder_2_17_pub\bacoder\release\bacoder.form1.resources
c:\users\strutz\documents\c\tsipcoder_2_17_pub\bacoder\release\bacoder.h26xconfigform.resources
c:\users\strutz\documents\c\tsipcoder_2_17_pub\bacoder\release\bacoder.progressform.resources
c:\users\strutz\documents\c\tsipcoder_2_17_pub\bin\tsipcoder_2_17p.ipdb
c:\users\strutz\documents\c\tsipcoder_2_17_pub\bin\tsipcoder_2_17p.iobj
c:\users\strutz\documents\c\tsipcoder_2_17_pub\bacoder\release\bacoder.vcxproj.generateresource.cache
c:\users\strutz\documents\c\tsipcoder_2_17_pub\bacoder\release\bacoder.vcxprojassemblyreference.cache
c:\users\strutz\documents\c\tsipcoder_2_17_pub\bacoder\release\tsipcoder_2_17.pch
c:\users\strutz\documents\c\tsipcoder_2_17_pub\bacoder\..\bin\tsipcoder_2_17p.exe
c:\users\strutz\documents\c\tsipcoder_2_17_pub\bacoder\release\tsipcoder_2_17p.tlog\cl.command.1.tlog
c:\users\strutz\documents\c\tsipcoder_2_17_pub\bacoder\release\tsipcoder_2_17p.tlog\cl.read.1.tlog
c:\users\strutz\documents\c\tsipcoder_2_17_pub\bacoder\release\tsipcoder_2_17p.tlog\cl.write.1.tlog
c:\users\strutz\documents\c\tsipcoder_2_17_pub\bacoder\release\tsipcoder_2_17p.tlog\link.command.1.tlog
c:\users\strutz\documents\c\tsipcoder_2_17_pub\bacoder\release\tsipcoder_2_17p.tlog\link.read.1.tlog
c:\users\strutz\documents\c\tsipcoder_2_17_pub\bacoder\release\tsipcoder_2_17p.tlog\link.write.1.tlog
c:\users\strutz\documents\c\tsipcoder_2_17_pub\bacoder\release\tsipcoder_2_17p.tlog\metagen.read.1.tlog
c:\users\strutz\documents\c\tsipcoder_2_17_pub\bacoder\release\tsipcoder_2_17p.tlog\metagen.write.1.tlog
c:\users\strutz\documents\c\tsipcoder_2_17_pub\bacoder\release\tsipcoder_2_17p.tlog\rc.command.1.tlog
c:\users\strutz\documents\c\tsipcoder_2_17_pub\bacoder\release\tsipcoder_2_17p.tlog\rc.read.1.tlog
c:\users\strutz\documents\c\tsipcoder_2_17_pub\bacoder\release\tsipcoder_2_17p.tlog\rc.write.1.tlog
c:\users\strutz\documents\c\tsipcoder_2_17_pub\bacoder\release\tsipcoder_2_17p.tlog\tsipcoder_2_17p.write.1u.tlog
