c:\users\strutz\documents\c\tsipcoder_2_17_pub\png\lpng152\projects\visualc71\win32_lib_release\libpng.pch
c:\users\strutz\documents\c\tsipcoder_2_17_pub\png\lpng152\projects\visualc71\win32_lib_release\libpng.pdb
c:\users\strutz\documents\c\tsipcoder_2_17_pub\png\lpng152\projects\visualc71\win32_lib_release\pngerror.obj
c:\users\strutz\documents\c\tsipcoder_2_17_pub\png\lpng152\projects\visualc71\win32_lib_release\zip.obj
c:\users\strutz\documents\c\tsipcoder_2_17_pub\png\lpng152\projects\visualc71\win32_lib_release\unzip.obj
c:\users\strutz\documents\c\tsipcoder_2_17_pub\png\lpng152\projects\visualc71\win32_lib_release\ioapi.obj
c:\users\strutz\documents\c\tsipcoder_2_17_pub\png\lpng152\projects\visualc71\win32_lib_release\inffas8664.obj
c:\users\strutz\documents\c\tsipcoder_2_17_pub\png\lpng152\projects\visualc71\win32_lib_release\compress.obj
c:\users\strutz\documents\c\tsipcoder_2_17_pub\png\lpng152\projects\visualc71\win32_lib_release\adler32.obj
c:\users\strutz\documents\c\tsipcoder_2_17_pub\png\lpng152\projects\visualc71\win32_lib_release\pngwutil.obj
c:\users\strutz\documents\c\tsipcoder_2_17_pub\png\lpng152\projects\visualc71\win32_lib_release\pngwtran.obj
c:\users\strutz\documents\c\tsipcoder_2_17_pub\png\lpng152\projects\visualc71\win32_lib_release\pngwrite.obj
c:\users\strutz\documents\c\tsipcoder_2_17_pub\png\lpng152\projects\visualc71\win32_lib_release\pngwio.obj
c:\users\strutz\documents\c\tsipcoder_2_17_pub\png\lpng152\projects\visualc71\win32_lib_release\pngtrans.obj
c:\users\strutz\documents\c\tsipcoder_2_17_pub\png\lpng152\projects\visualc71\win32_lib_release\pngset.obj
c:\users\strutz\documents\c\tsipcoder_2_17_pub\png\lpng152\projects\visualc71\win32_lib_release\pngrutil.obj
c:\users\strutz\documents\c\tsipcoder_2_17_pub\png\lpng152\projects\visualc71\win32_lib_release\pngrtran.obj
c:\users\strutz\documents\c\tsipcoder_2_17_pub\png\lpng152\projects\visualc71\win32_lib_release\pngrio.obj
c:\users\strutz\documents\c\tsipcoder_2_17_pub\png\lpng152\projects\visualc71\win32_lib_release\pngread.obj
c:\users\strutz\documents\c\tsipcoder_2_17_pub\png\lpng152\projects\visualc71\win32_lib_release\pngpread.obj
c:\users\strutz\documents\c\tsipcoder_2_17_pub\png\lpng152\projects\visualc71\win32_lib_release\pngmem.obj
c:\users\strutz\documents\c\tsipcoder_2_17_pub\png\lpng152\projects\visualc71\win32_lib_release\pngget.obj
c:\users\strutz\documents\c\tsipcoder_2_17_pub\png\lpng152\projects\visualc71\win32_lib_release\png.obj
c:\users\strutz\documents\c\tsipcoder_2_17_pub\png\lpng152\projects\visualc71\win32_lib_release\zutil.obj
c:\users\strutz\documents\c\tsipcoder_2_17_pub\png\lpng152\projects\visualc71\win32_lib_release\uncompr.obj
c:\users\strutz\documents\c\tsipcoder_2_17_pub\png\lpng152\projects\visualc71\win32_lib_release\trees.obj
c:\users\strutz\documents\c\tsipcoder_2_17_pub\png\lpng152\projects\visualc71\win32_lib_release\inftrees.obj
c:\users\strutz\documents\c\tsipcoder_2_17_pub\png\lpng152\projects\visualc71\win32_lib_release\inflate.obj
c:\users\strutz\documents\c\tsipcoder_2_17_pub\png\lpng152\projects\visualc71\win32_lib_release\inffast.obj
c:\users\strutz\documents\c\tsipcoder_2_17_pub\png\lpng152\projects\visualc71\win32_lib_release\infback.obj
c:\users\strutz\documents\c\tsipcoder_2_17_pub\png\lpng152\projects\visualc71\win32_lib_release\gzwrite.obj
c:\users\strutz\documents\c\tsipcoder_2_17_pub\png\lpng152\projects\visualc71\win32_lib_release\gzread.obj
c:\users\strutz\documents\c\tsipcoder_2_17_pub\png\lpng152\projects\visualc71\win32_lib_release\gzlib.obj
c:\users\strutz\documents\c\tsipcoder_2_17_pub\png\lpng152\projects\visualc71\win32_lib_release\gzclose.obj
c:\users\strutz\documents\c\tsipcoder_2_17_pub\png\lpng152\projects\visualc71\win32_lib_release\deflate.obj
c:\users\strutz\documents\c\tsipcoder_2_17_pub\png\lpng152\projects\visualc71\win32_lib_release\crc32.obj
c:\users\strutz\documents\c\tsipcoder_2_17_pub\lib\libpng.lib
c:\users\strutz\documents\c\tsipcoder_2_17_pub\png\lpng152\projects\visualc71\win32_lib_release\zlib.res
c:\users\strutz\documents\c\tsipcoder_2_17_pub\png\lpng152\projects\visualc71\win32_lib_release\libpng.tlog\cl.command.1.tlog
c:\users\strutz\documents\c\tsipcoder_2_17_pub\png\lpng152\projects\visualc71\win32_lib_release\libpng.tlog\cl.read.1.tlog
c:\users\strutz\documents\c\tsipcoder_2_17_pub\png\lpng152\projects\visualc71\win32_lib_release\libpng.tlog\cl.write.1.tlog
c:\users\strutz\documents\c\tsipcoder_2_17_pub\png\lpng152\projects\visualc71\win32_lib_release\libpng.tlog\lib-link-cvtres.read.1.tlog
c:\users\strutz\documents\c\tsipcoder_2_17_pub\png\lpng152\projects\visualc71\win32_lib_release\libpng.tlog\lib-link-cvtres.write.1.tlog
c:\users\strutz\documents\c\tsipcoder_2_17_pub\png\lpng152\projects\visualc71\win32_lib_release\libpng.tlog\lib.command.1.tlog
c:\users\strutz\documents\c\tsipcoder_2_17_pub\png\lpng152\projects\visualc71\win32_lib_release\libpng.tlog\rc.command.1.tlog
c:\users\strutz\documents\c\tsipcoder_2_17_pub\png\lpng152\projects\visualc71\win32_lib_release\libpng.tlog\rc.read.1.tlog
c:\users\strutz\documents\c\tsipcoder_2_17_pub\png\lpng152\projects\visualc71\win32_lib_release\libpng.tlog\rc.write.1.tlog
