c:\users\strutz\documents\c\tsipcoder_2_17_pub\extern_pred\release\prediction.pdb
c:\users\strutz\documents\c\tsipcoder_2_17_pub\extern_pred\release\seiteninfo.obj
c:\users\strutz\documents\c\tsipcoder_2_17_pub\extern_pred\release\parameter.obj
c:\users\strutz\documents\c\tsipcoder_2_17_pub\extern_pred\release\data.obj
c:\users\strutz\documents\c\tsipcoder_2_17_pub\extern_pred\release\bild.obj
c:\users\strutz\documents\c\tsipcoder_2_17_pub\extern_pred\release\prediction.obj
c:\users\strutz\documents\c\tsipcoder_2_17_pub\extern_pred\release\tmatching.obj
c:\users\strutz\documents\c\tsipcoder_2_17_pub\extern_pred\release\plinear.obj
c:\users\strutz\documents\c\tsipcoder_2_17_pub\extern_pred\release\matrix.obj
c:\users\strutz\documents\c\tsipcoder_2_17_pub\extern_pred\release\cobalp.obj
c:\users\strutz\documents\c\tsipcoder_2_17_pub\extern_pred\release\predictors.obj
c:\users\strutz\documents\c\tsipcoder_2_17_pub\extern_pred\release\predictor.obj
c:\users\strutz\documents\c\tsipcoder_2_17_pub\extern_pred\release\errordb.obj
c:\users\strutz\documents\c\tsipcoder_2_17_pub\extern_pred\release\context.obj
c:\users\strutz\documents\c\tsipcoder_2_17_pub\extern_pred\release\block.obj
c:\users\strutz\documents\c\tsipcoder_2_17_pub\extern_pred\release\bias.obj
c:\users\strutz\documents\c\tsipcoder_2_17_pub\extern_pred\release\auswahl.obj
c:\users\strutz\documents\c\tsipcoder_2_17_pub\lib\prediction.lib
c:\users\strutz\documents\c\tsipcoder_2_17_pub\extern_pred\..\lib\prediction.lib
c:\users\strutz\documents\c\tsipcoder_2_17_pub\extern_pred\release\prediction.tlog\cl.command.1.tlog
c:\users\strutz\documents\c\tsipcoder_2_17_pub\extern_pred\release\prediction.tlog\cl.read.1.tlog
c:\users\strutz\documents\c\tsipcoder_2_17_pub\extern_pred\release\prediction.tlog\cl.write.1.tlog
c:\users\strutz\documents\c\tsipcoder_2_17_pub\extern_pred\release\prediction.tlog\lib-link.read.1.tlog
c:\users\strutz\documents\c\tsipcoder_2_17_pub\extern_pred\release\prediction.tlog\lib-link.write.1.tlog
c:\users\strutz\documents\c\tsipcoder_2_17_pub\extern_pred\release\prediction.tlog\lib.command.1.tlog
