c:\users\strutz\documents\c\tsipcoder_2_17_pub\png\lpng152\projects\visualc71\win32_lib_debug\libpng.pch
c:\users\strutz\documents\c\tsipcoder_2_17_pub\png\lpng152\projects\visualc71\win32_lib_debug\libpng.pdb
c:\users\strutz\documents\c\tsipcoder_2_17_pub\png\lpng152\projects\visualc71\win32_lib_debug\libpng.idb
c:\users\strutz\documents\c\tsipcoder_2_17_pub\png\lpng152\projects\visualc71\win32_lib_debug\pngerror.obj
c:\users\strutz\documents\c\tsipcoder_2_17_pub\png\lpng152\projects\visualc71\win32_lib_debug\zip.obj
c:\users\strutz\documents\c\tsipcoder_2_17_pub\png\lpng152\projects\visualc71\win32_lib_debug\unzip.obj
c:\users\strutz\documents\c\tsipcoder_2_17_pub\png\lpng152\projects\visualc71\win32_lib_debug\ioapi.obj
c:\users\strutz\documents\c\tsipcoder_2_17_pub\png\lpng152\projects\visualc71\win32_lib_debug\inffas8664.obj
c:\users\strutz\documents\c\tsipcoder_2_17_pub\png\lpng152\projects\visualc71\win32_lib_debug\compress.obj
c:\users\strutz\documents\c\tsipcoder_2_17_pub\png\lpng152\projects\visualc71\win32_lib_debug\adler32.obj
c:\users\strutz\documents\c\tsipcoder_2_17_pub\png\lpng152\projects\visualc71\win32_lib_debug\pngwutil.obj
c:\users\strutz\documents\c\tsipcoder_2_17_pub\png\lpng152\projects\visualc71\win32_lib_debug\pngwtran.obj
c:\users\strutz\documents\c\tsipcoder_2_17_pub\png\lpng152\projects\visualc71\win32_lib_debug\pngwrite.obj
c:\users\strutz\documents\c\tsipcoder_2_17_pub\png\lpng152\projects\visualc71\win32_lib_debug\pngwio.obj
c:\users\strutz\documents\c\tsipcoder_2_17_pub\png\lpng152\projects\visualc71\win32_lib_debug\pngtrans.obj
c:\users\strutz\documents\c\tsipcoder_2_17_pub\png\lpng152\projects\visualc71\win32_lib_debug\pngset.obj
c:\users\strutz\documents\c\tsipcoder_2_17_pub\png\lpng152\projects\visualc71\win32_lib_debug\pngrutil.obj
c:\users\strutz\documents\c\tsipcoder_2_17_pub\png\lpng152\projects\visualc71\win32_lib_debug\pngrtran.obj
c:\users\strutz\documents\c\tsipcoder_2_17_pub\png\lpng152\projects\visualc71\win32_lib_debug\pngrio.obj
c:\users\strutz\documents\c\tsipcoder_2_17_pub\png\lpng152\projects\visualc71\win32_lib_debug\pngread.obj
c:\users\strutz\documents\c\tsipcoder_2_17_pub\png\lpng152\projects\visualc71\win32_lib_debug\pngpread.obj
c:\users\strutz\documents\c\tsipcoder_2_17_pub\png\lpng152\projects\visualc71\win32_lib_debug\pngmem.obj
c:\users\strutz\documents\c\tsipcoder_2_17_pub\png\lpng152\projects\visualc71\win32_lib_debug\pngget.obj
c:\users\strutz\documents\c\tsipcoder_2_17_pub\png\lpng152\projects\visualc71\win32_lib_debug\png.obj
c:\users\strutz\documents\c\tsipcoder_2_17_pub\png\lpng152\projects\visualc71\win32_lib_debug\zutil.obj
c:\users\strutz\documents\c\tsipcoder_2_17_pub\png\lpng152\projects\visualc71\win32_lib_debug\uncompr.obj
c:\users\strutz\documents\c\tsipcoder_2_17_pub\png\lpng152\projects\visualc71\win32_lib_debug\trees.obj
c:\users\strutz\documents\c\tsipcoder_2_17_pub\png\lpng152\projects\visualc71\win32_lib_debug\inftrees.obj
c:\users\strutz\documents\c\tsipcoder_2_17_pub\png\lpng152\projects\visualc71\win32_lib_debug\inflate.obj
c:\users\strutz\documents\c\tsipcoder_2_17_pub\png\lpng152\projects\visualc71\win32_lib_debug\inffast.obj
c:\users\strutz\documents\c\tsipcoder_2_17_pub\png\lpng152\projects\visualc71\win32_lib_debug\infback.obj
c:\users\strutz\documents\c\tsipcoder_2_17_pub\png\lpng152\projects\visualc71\win32_lib_debug\gzwrite.obj
c:\users\strutz\documents\c\tsipcoder_2_17_pub\png\lpng152\projects\visualc71\win32_lib_debug\gzread.obj
c:\users\strutz\documents\c\tsipcoder_2_17_pub\png\lpng152\projects\visualc71\win32_lib_debug\gzlib.obj
c:\users\strutz\documents\c\tsipcoder_2_17_pub\png\lpng152\projects\visualc71\win32_lib_debug\gzclose.obj
c:\users\strutz\documents\c\tsipcoder_2_17_pub\png\lpng152\projects\visualc71\win32_lib_debug\deflate.obj
c:\users\strutz\documents\c\tsipcoder_2_17_pub\png\lpng152\projects\visualc71\win32_lib_debug\crc32.obj
c:\users\strutz\documents\c\tsipcoder_2_17_pub\lib_debug\libpngd.lib
c:\users\strutz\documents\c\tsipcoder_2_17_pub\png\lpng152\projects\visualc71\win32_lib_debug\zlib.res
c:\users\strutz\documents\c\tsipcoder_2_17_pub\png\lpng152\projects\visualc71\win32_lib_debug\libpng.tlog\cl.command.1.tlog
c:\users\strutz\documents\c\tsipcoder_2_17_pub\png\lpng152\projects\visualc71\win32_lib_debug\libpng.tlog\cl.read.1.tlog
c:\users\strutz\documents\c\tsipcoder_2_17_pub\png\lpng152\projects\visualc71\win32_lib_debug\libpng.tlog\cl.write.1.tlog
c:\users\strutz\documents\c\tsipcoder_2_17_pub\png\lpng152\projects\visualc71\win32_lib_debug\libpng.tlog\lib-link-cvtres.read.1.tlog
c:\users\strutz\documents\c\tsipcoder_2_17_pub\png\lpng152\projects\visualc71\win32_lib_debug\libpng.tlog\lib-link-cvtres.write.1.tlog
c:\users\strutz\documents\c\tsipcoder_2_17_pub\png\lpng152\projects\visualc71\win32_lib_debug\libpng.tlog\lib.command.1.tlog
c:\users\strutz\documents\c\tsipcoder_2_17_pub\png\lpng152\projects\visualc71\win32_lib_debug\libpng.tlog\rc.command.1.tlog
c:\users\strutz\documents\c\tsipcoder_2_17_pub\png\lpng152\projects\visualc71\win32_lib_debug\libpng.tlog\rc.read.1.tlog
c:\users\strutz\documents\c\tsipcoder_2_17_pub\png\lpng152\projects\visualc71\win32_lib_debug\libpng.tlog\rc.write.1.tlog
